proguard/seeds.txt
com.hua.test.activity.ADsActivity
com.hua.test.activity.ADsActivity: ADsActivity()
com.hua.test.activity.BaseActivity
com.hua.test.activity.BaseActivity: BaseActivity()
com.hua.test.activity.BaseActivity: void doBack(android.view.View)
com.hua.test.activity.ChannelActivity
com.hua.test.activity.ChannelActivity: ChannelActivity()
com.hua.test.activity.CopyOfDetailsActivity
com.hua.test.activity.CopyOfDetailsActivity: void imageMore(android.view.View)
com.hua.test.activity.CopyOfDetailsActivity$MyWebViewClient: boolean shouldOverrideUrlLoading(android.webkit.WebView,java.lang.String)
com.hua.test.activity.CopyOfDetailsActivity$MyWebViewClient: void onPageStarted(android.webkit.WebView,java.lang.String,android.graphics.Bitmap)
com.hua.test.activity.DetailsActivity
com.hua.test.activity.DetailsActivity: DetailsActivity()
com.hua.test.activity.DetailsActivity: void imageMore(android.view.View)
com.hua.test.activity.DetailsActivity$MyWebViewClient: boolean shouldOverrideUrlLoading(android.webkit.WebView,java.lang.String)
com.hua.test.activity.DetailsActivity$MyWebViewClient: void onPageStarted(android.webkit.WebView,java.lang.String,android.graphics.Bitmap)
com.hua.test.activity.ImageDetailActivity
com.hua.test.activity.ImageDetailActivity: ImageDetailActivity()
com.hua.test.activity.MainActivity
com.hua.test.activity.MainActivityPhone
com.hua.test.activity.MainActivityPhone: MainActivityPhone()
com.hua.test.activity.MainActivityPhone2
com.hua.test.activity.PictureDetailActivity
com.hua.test.activity.PictureDetailActivity: PictureDetailActivity()
com.hua.test.activity.PictureSinaActivity
com.hua.test.activity.PictureSinaActivity: PictureSinaActivity()
com.hua.test.activity.R$anim: int activity_back
com.hua.test.activity.R$anim: int activity_finish
com.hua.test.activity.R$anim: int activity_new
com.hua.test.activity.R$anim: int activity_out
com.hua.test.activity.R$anim: int layout_alpha_in
com.hua.test.activity.R$anim: int layout_alpha_out
com.hua.test.activity.R$anim: int push_left_in
com.hua.test.activity.R$anim: int push_left_out
com.hua.test.activity.R$anim: int push_right_in
com.hua.test.activity.R$anim: int push_right_out
com.hua.test.activity.R$anim: int slide_right_in
com.hua.test.activity.R$anim: int slide_right_out
com.hua.test.activity.R$anim: int tutorail_bottom
com.hua.test.activity.R$anim: int tutorail_rotate
com.hua.test.activity.R$anim: int tutorail_scalate
com.hua.test.activity.R$anim: int tutorail_scalate_top
com.hua.test.activity.R$animator: int tutorail_bottom
com.hua.test.activity.R$animator: int tutorail_rotate
com.hua.test.activity.R$animator: int tutorail_scalate
com.hua.test.activity.R$animator: int tutorail_scalate_top
...
com.hua.test.widget.slideingactivity.SlidingActivity
com.hua.test.widget.slideingactivity.SlidingLayout
com.hua.test.widget.slideingactivity.SlidingLayout: SlidingLayout(android.content.Context)
com.hua.test.widget.slideingactivity.SlidingLayout: SlidingLayout(android.content.Context,android.util.AttributeSet)
com.hua.test.widget.slideingactivity.SlidingLayout: SlidingLayout(android.content.Context,android.util.AttributeSet,int)
com.hua.test.widget.slideingactivity.SlidingLayout: void setParallaxDistance(int)
com.hua.test.widget.slideingactivity.SlidingLayout: int getParallaxDistance()
com.hua.test.widget.slideingactivity.SlidingLayout: void setSliderFadeColor(int)
com.hua.test.widget.slideingactivity.SlidingLayout: int getSliderFadeColor()
com.hua.test.widget.slideingactivity.SlidingLayout: void setCoveredFadeColor(int)
com.hua.test.widget.slideingactivity.SlidingLayout: int getCoveredFadeColor()
com.hua.test.widget.slideingactivity.SlidingLayout: void setPanelSlideListener(com.hua.test.widget.slideingactivity.SlidingLayout$SlideListener)
com.hua.test.widget.slideingactivity.SlidingLayout: void setSlideable(boolean)
com.hua.test.widget.slideingactivity.SlidingLayout: void setShadowDrawable(android.graphics.drawable.Drawable)
com.hua.test.widget.slideingactivity.SlidingLayout: void setShadowResource(int)
com.hua.test.widget.slideingactivity.SlidingLayout$LayoutParams
com.hua.test.widget.slideingactivity.SlidingLayout$LayoutParams: SlidingLayout$LayoutParams(android.content.Context,android.util.AttributeSet)
com.hua.test.widget.slideingactivity.SlidingLayout$SavedState
com.hua.test.widget.slideingactivity.SlidingLayout$SavedState: android.os.Parcelable$Creator CREATOR
com.hua.test.widget.swipeback.SwipeBackActivity
com.hua.test.widget.swipeback.SwipeBackActivity: SwipeBackActivity()
com.hua.test.widget.swipeback.SwipeBackLayout
com.hua.test.widget.swipeback.SwipeBackLayout: SwipeBackLayout(android.content.Context)
com.hua.test.widget.swipeback.SwipeBackLayout: SwipeBackLayout(android.content.Context,android.util.AttributeSet)
com.hua.test.widget.swipeback.SwipeBackLayout: SwipeBackLayout(android.content.Context,android.util.AttributeSet,int)
com.hua.test.widget.swipeback.SwipeBackLayout: void setContentView(android.view.View)
com.hua.test.widget.swipeback.SwipeBackLayout: void setEnableGesture(boolean)
com.hua.test.widget.swipeback.SwipeBackLayout: void setEdgeTrackingEnabled(int)
com.hua.test.widget.swipeback.SwipeBackLayout: void setScrimColor(int)
com.hua.test.widget.swipeback.SwipeBackLayout: void setEdgeSize(int)
com.hua.test.widget.swipeback.SwipeBackLayout: void setSwipeListener(com.hua.test.widget.swipeback.SwipeBackLayout$SwipeListener)
com.hua.test.widget.swipeback.SwipeBackLayout: void setScrollThresHold(float)
com.hua.test.widget.swipeback.SwipeBackLayout: void setShadow(android.graphics.drawable.Drawable,int)
com.hua.test.widget.swipeback.SwipeBackLayout: void setShadow(int,int)