proguard/mapping.txt
com.hua.test.activity.ADsActivity -> com.hua.test.activity.ADsActivity:
    void onCreate(android.os.Bundle) -> onCreate
    void showBanner() -> bL
    void onBackPressed() -> onBackPressed
    void onStop() -> onStop
    void onDestroy() -> onDestroy
    void access$0(com.hua.test.activity.ADsActivity) -> a
com.hua.test.activity.ADsActivity$1 -> o:
    com.hua.test.activity.ADsActivity this$0 -> nd
    void onClick(android.view.View) -> onClick
com.hua.test.activity.ADsActivity$1$1 -> p:
    com.hua.test.activity.ADsActivity$1 this$1 -> ne
    void onShowSuccess() -> bM
    void onShowFailed() -> bN
    void onSpotClosed() -> bO
com.hua.test.activity.ADsActivity$2 -> q:
    com.hua.test.activity.ADsActivity this$0 -> nd
    void onClick(android.view.View) -> onClick
com.hua.test.activity.ADsActivity$3 -> r:
    com.hua.test.activity.ADsActivity this$0 -> nd
    void onSwitchedAd(net.youmi.android.banner.AdView) -> a
    void onReceivedAd(net.youmi.android.banner.AdView) -> b
    void onFailedToReceivedAd(net.youmi.android.banner.AdView) -> c
com.hua.test.activity.BaseActivity -> com.hua.test.activity.BaseActivity:
    java.util.ArrayList mListeners -> nf
    android.app.Dialog progressDialog -> ng
    void onResume() -> onResume
    void onPause() -> onPause
    java.lang.String getUrl(java.lang.String) -> f
    void showShortToast(java.lang.String) -> g
    void doBack(android.view.View) -> doBack
    void onBackPressed() -> onBackPressed
    boolean hasNetWork() -> bP
    void setCacheStr(java.lang.String,java.lang.String) -> a
    java.lang.String getCacheStr(java.lang.String) -> h
    void openActivityForResult(java.lang.Class,int) -> a
    void openActivity(java.lang.Class,android.os.Bundle,int) -> a
    void showProgressDialog() -> bQ
    void showProgressDialog2() -> bR
    void dismissProgressDialog() -> bS
com.hua.test.activity.BaseActivity$BackPressHandler -> s:
    void activityOnResume() -> bT
    void activityOnPause() -> bU
com.hua.test.activity.ChannelActivity -> com.hua.test.activity.ChannelActivity:
    java.lang.String TAG -> TAG
    com.hua.test.view.DragGrid userGridView -> nh
    com.hua.test.view.OtherGridView otherGridView -> ni
    com.hua.test.adapter.DragAdapter userAdapter -> nj
    com.hua.test.adapter.OtherAdapter otherAdapter -> nk
    java.util.ArrayList otherChannelList -> nl
    java.util.ArrayList userChannelList -> nm
    boolean isMove -> nn
    int CHANNEL_RESULT_CODE -> no
    void onCreate(android.os.Bundle) -> onCreate
    void initData() -> bV
    void initView() -> bW
    boolean onCreateOptionsMenu(android.view.Menu) -> onCreateOptionsMenu
    void onItemClick(android.widget.AdapterView,android.view.View,int,long) -> onItemClick
    void MoveAnim(android.view.View,int[],int[],com.hua.test.bean.ChannelItem,android.widget.GridView) -> a
    android.view.View getMoveView(android.view.ViewGroup,android.view.View,int[]) -> a
    android.view.ViewGroup getMoveViewGroup() -> bX
    android.widget.ImageView getView(android.view.View) -> T
    void saveChannel() -> bY
    void onResume() -> onResume
    void onPause() -> onPause
    void finish() -> finish
    com.hua.test.view.OtherGridView access$0(com.hua.test.activity.ChannelActivity) -> a
    com.hua.test.view.DragGrid access$1(com.hua.test.activity.ChannelActivity) -> b
com.hua.test.activity.ChannelActivity$1 -> t:
    com.hua.test.activity.ChannelActivity this$0 -> np
    android.widget.ImageView val$moveImageView -> nq
    int[] val$startLocation -> nr
    com.hua.test.bean.ChannelItem val$channel -> ns
    int val$position -> nt
    void run() -> run
com.hua.test.activity.ChannelActivity$2 -> u:
    com.hua.test.activity.ChannelActivity this$0 -> np
    android.widget.ImageView val$moveImageView -> nq
    int[] val$startLocation -> nr
    com.hua.test.bean.ChannelItem val$channel -> ns
    int val$position -> nt
    void run() -> run
...
android.support.v4.view.ActionProvider -> android.support.v4.view.ActionProvider:
android.support.v4.view.ActionProvider$SubUiVisibilityListener -> android.support.v4.view.ActionProvider$SubUiVisibilityListener:
android.support.v4.view.ActionProvider$VisibilityListener -> android.support.v4.view.ActionProvider$VisibilityListener:
android.support.v4.view.GestureDetectorCompat -> android.support.v4.view.GestureDetectorCompat:
android.support.v4.view.GestureDetectorCompat$GestureDetectorCompatImpl -> android.support.v4.view.GestureDetectorCompat$GestureDetectorCompatImpl:
android.support.v4.view.GestureDetectorCompat$GestureDetectorCompatImplBase -> android.support.v4.view.GestureDetectorCompat$GestureDetectorCompatImplBase:
    int LONGPRESS_TIMEOUT -> gm
    int TAP_TIMEOUT -> gn
    int DOUBLE_TAP_TIMEOUT -> go
    android.os.Handler mHandler -> mHandler
    android.view.GestureDetector$OnGestureListener mListener -> gp
    android.view.GestureDetector$OnDoubleTapListener mDoubleTapListener -> gq
    boolean mStillDown -> gr
    boolean mDeferConfirmSingleTap -> gs
    boolean mInLongPress -> gt
    android.view.MotionEvent mCurrentDownEvent -> gu
    void dispatchLongPress() -> au
    android.view.MotionEvent access$000(android.support.v4.view.GestureDetectorCompat$GestureDetectorCompatImplBase) -> a
    android.view.GestureDetector$OnGestureListener access$100(android.support.v4.view.GestureDetectorCompat$GestureDetectorCompatImplBase) -> b
    void access$200(android.support.v4.view.GestureDetectorCompat$GestureDetectorCompatImplBase) -> c
    android.view.GestureDetector$OnDoubleTapListener access$300(android.support.v4.view.GestureDetectorCompat$GestureDetectorCompatImplBase) -> d
    boolean access$400(android.support.v4.view.GestureDetectorCompat$GestureDetectorCompatImplBase) -> e
    boolean access$502(android.support.v4.view.GestureDetectorCompat$GestureDetectorCompatImplBase,boolean) -> a
android.support.v4.view.GestureDetectorCompat$GestureDetectorCompatImplBase$GestureHandler -> android.support.v4.view.GestureDetectorCompat$GestureDetectorCompatImplBase$GestureHandler:
    android.support.v4.view.GestureDetectorCompat$GestureDetectorCompatImplBase this$0 -> gv
    void handleMessage(android.os.Message) -> handleMessage
android.support.v4.view.GestureDetectorCompat$GestureDetectorCompatImplJellybeanMr2 -> android.support.v4.view.GestureDetectorCompat$GestureDetectorCompatImplJellybeanMr2:
android.support.v4.view.GravityCompat -> android.support.v4.view.GravityCompat:
    android.support.v4.view.GravityCompat$GravityCompatImpl IMPL -> gw
    int getAbsoluteGravity(int,int) -> b
android.support.v4.view.GravityCompat$GravityCompatImpl -> android.support.v4.view.GravityCompat$GravityCompatImpl:
    int getAbsoluteGravity(int,int) -> b
android.support.v4.view.GravityCompat$GravityCompatImplBase -> android.support.v4.view.GravityCompat$GravityCompatImplBase:
    int getAbsoluteGravity(int,int) -> b
android.support.v4.view.GravityCompat$GravityCompatImplJellybeanMr1 -> android.support.v4.view.GravityCompat$GravityCompatImplJellybeanMr1:
    int getAbsoluteGravity(int,int) -> b
android.support.v4.view.GravityCompatJellybeanMr1 -> android.support.v4.view.GravityCompatJellybeanMr1:
    int getAbsoluteGravity(int,int) -> b
android.support.v4.view.KeyEventCompat -> android.support.v4.view.KeyEventCompat:
    android.support.v4.view.KeyEventCompat$KeyEventVersionImpl IMPL -> gx
    boolean hasModifiers(android.view.KeyEvent,int) -> a
    boolean hasNoModifiers(android.view.KeyEvent) -> b
    void startTracking(android.view.KeyEvent) -> c