proguard/usage.txt
com.hua.test.activity.BaseActivity:
    59:60:public java.lang.String getMsgUrl(java.lang.String,java.lang.String)
    64:65:public java.lang.String getWeatherUrl(java.lang.String)
com.hua.test.activity.BuildConfig
com.hua.test.activity.CopyOfDetailsActivity:
    private static final int RESPONSE_OK
com.hua.test.activity.CopyOfDetailsActivity$MyWebViewClient
com.hua.test.activity.DetailsActivity:
    private static final int RESPONSE_OK
com.hua.test.activity.DetailsActivity$MyWebViewClient
com.hua.test.activity.LeftContentFragment:
    private android.widget.LinearLayout contentLayout
    private android.widget.Button pics
    private android.widget.Button video
    private android.widget.Button ties
    private android.widget.Button tianqi
    private android.widget.Button more
    48:48:public void enterPics(android.view.View)
    54:54:public void enterVideo(android.view.View)
    60:60:public void enterMessage(android.view.View)
    66:66:public void enterTianQi(android.view.View)
    72:72:public void enterMore(android.view.View)
com.hua.test.activity.MainActivityPhone:
    public static final int CHANNELR_EQUEST
    public static final int CHANNEL_RESULT
    private double back_pressed
    519:525:public android.widget.TextView getSelectTextView(android.widget.TextView)
com.hua.test.activity.MainActivityPhone2:
    public static final int CHANNELR_EQUEST
    public static final int CHANNEL_RESULT
    private double back_pressed
    689:689:public static int getCurrentFragmentIndex()
com.hua.test.activity.Manifest
com.hua.test.activity.Manifest$permission
com.hua.test.activity.PictureDetailActivity:
    private android.widget.ProgressBar mPhotoProgressBar
    private static final int RESPONSE_OK
com.hua.test.activity.R:
    10:10:public R()
com.hua.test.activity.R$anim
com.hua.test.activity.R$animator
com.hua.test.activity.R$attr
com.hua.test.activity.R$color
com.hua.test.activity.R$dimen
com.hua.test.activity.R$id
com.hua.test.activity.R$layout
com.hua.test.activity.R$menu
com.hua.test.activity.R$raw
com.hua.test.activity.R$string
com.hua.test.activity.R$style
com.hua.test.activity.R$styleable:
    2482:2482:public R$styleable()
com.hua.test.activity.SplashActivity:
    private boolean isSendToHander
com.hua.test.activity.SplashActivity2:
    private boolean isSendToHander
com.hua.test.activity.WelcomeActivity:
    private boolean isOver
    private android.view.animation.Animation animation1
    int count
    private boolean isSendToHander
...
org.jsoup.nodes.Element:
    75:77:public org.jsoup.nodes.Element tagName(java.lang.String)
    116:117:public org.jsoup.nodes.Element attr(java.lang.String,java.lang.String)
    134:134:public java.util.Map dataset()
    147:149:public org.jsoup.select.Elements parents()
    153:158:private static void accumulateParents(org.jsoup.nodes.Element,org.jsoup.select.Elements)
    209:214:public java.util.List textNodes()
    226:231:public java.util.List dataNodes()
    252:252:public org.jsoup.select.Elements select(java.lang.String)
    275:278:public org.jsoup.nodes.Element prependChild(org.jsoup.nodes.Node)
    292:300:public org.jsoup.nodes.Element insertChildren(int,java.util.Collection)
    311:313:public org.jsoup.nodes.Element appendElement(java.lang.String)
    324:326:public org.jsoup.nodes.Element prependElement(java.lang.String)
    336:338:public org.jsoup.nodes.Element appendText(java.lang.String)
    348:350:public org.jsoup.nodes.Element prependText(java.lang.String)
    360:364:public org.jsoup.nodes.Element append(java.lang.String)
    374:378:public org.jsoup.nodes.Element prepend(java.lang.String)
    390:390:public org.jsoup.nodes.Element before(java.lang.String)
    401:401:public org.jsoup.nodes.Element before(org.jsoup.nodes.Node)
    413:413:public org.jsoup.nodes.Element after(java.lang.String)
    424:424:public org.jsoup.nodes.Element after(org.jsoup.nodes.Node)
    432:433:public org.jsoup.nodes.Element empty()
org.jsoup.nodes.Entities:
    53:53:public static boolean isNamedEntity(java.lang.String)
    63:63:public static boolean isBaseNamedEntity(java.lang.String)
    72:72:public static java.lang.Character getCharacterByName(java.lang.String)
    111:111:static java.lang.String unescape(java.lang.String)
    121:121:static java.lang.String unescape(java.lang.String,boolean)
org.jsoup.nodes.Node:
    41:42:protected Node(java.lang.String)
    95:96:public org.jsoup.nodes.Node attr(java.lang.String,java.lang.String)
    121:123:public org.jsoup.nodes.Node removeAttr(java.lang.String)
    139:149:public void setBaseUri(java.lang.String)
    222:226:public java.util.List childNodesCopy()
    238:238:protected org.jsoup.nodes.Node[] childNodesAsArray()
    266:268:public void remove()
    277:278:public org.jsoup.nodes.Node before(java.lang.String)
    288:292:public org.jsoup.nodes.Node before(org.jsoup.nodes.Node)
    302:303:public org.jsoup.nodes.Node after(java.lang.String)
    313:317:public org.jsoup.nodes.Node after(org.jsoup.nodes.Node)
    321:327:private void addSiblingHtml(int,java.lang.String)
    335:356:public org.jsoup.nodes.Node wrap(java.lang.String)
    373:380:public org.jsoup.nodes.Node unwrap()
    384:388:private org.jsoup.nodes.Element getDeepChild(org.jsoup.nodes.Element)
    396:399:public void replaceWith(org.jsoup.nodes.Node)
    408:418:protected void replaceChild(org.jsoup.nodes.Node,org.jsoup.nodes.Node)
    438:445:protected varargs void addChildren(int,org.jsoup.nodes.Node[])
    498:507:public org.jsoup.nodes.Node previousSibling()
    530:533:public org.jsoup.nodes.Node traverse(org.jsoup.select.NodeVisitor)
org.jsoup.nodes.Node$1:
    final synthetic org.jsoup.nodes.Node this$0
    141:141:Node$1(org.jsoup.nodes.Node,java.lang.String)
org.jsoup.nodes.TextNode:
    private static final java.lang.String TEXT_KEY
    50:53:public org.jsoup.nodes.TextNode text(java.lang.String)
    79:89:public org.jsoup.nodes.TextNode splitText(int)
    115:116:public static org.jsoup.nodes.TextNode createFromEncoded(java.lang.String,java.lang.String)
    154:155:public org.jsoup.nodes.Node attr(java.lang.String,java.lang.String)
    166:167:public org.jsoup.nodes.Node removeAttr(java.lang.String)
org.jsoup.nodes.XmlDeclaration:
    private static final java.lang.String DECL_KEY
    18:21:public XmlDeclaration(java.lang.String,java.lang.String,boolean)